<?xml version="1.0" encoding="UTF-8"?>
<!-- Generated by org.testng.reporters.JUnitReportReporter -->
<testsuite skipped="0" hostname="DESKTOP-MCTOCK3" name="CrudOperationswithBDD.GetforProject" tests="1" failures="0" timestamp="2022-08-09T20:13:17 IST" time="3.152" errors="0">
  <testcase name="getprojectTest" time="3.152" classname="CrudOperationswithBDD.GetforProject"/>
  <system-out/>
</testsuite> <!-- CrudOperationswithBDD.GetforProject -->
