<?xml version="1.0" encoding="UTF-8"?>
<!-- Generated by org.testng.reporters.JUnitReportReporter -->
<testsuite skipped="0" hostname="DESKTOP-MCTOCK3" name="CrudOperationswithBDD.CreateProjectTest" tests="1" failures="0" timestamp="2022-08-09T20:12:22 IST" time="4.425" errors="0">
  <testcase name="createprojectTest" time="4.425" classname="CrudOperationswithBDD.CreateProjectTest"/>
  <system-out/>
</testsuite> <!-- CrudOperationswithBDD.CreateProjectTest -->
