<?xml version="1.0" encoding="UTF-8"?>
<!-- Generated by org.testng.reporters.JUnitReportReporter -->
<testsuite skipped="0" hostname="DESKTOP-MCTOCK3" name="Authentication.AuthenticationusingBearertokensTest" tests="1" failures="0" timestamp="2022-08-10T15:28:00 IST" time="5.597" errors="0">
  <testcase name="authenticationearertokenTest" time="5.597" classname="Authentication.AuthenticationusingBearertokensTest"/>
  <system-out/>
</testsuite> <!-- Authentication.AuthenticationusingBearertokensTest -->
