<?xml version="1.0" encoding="UTF-8"?>
<!-- Generated by org.testng.reporters.JUnitReportReporter -->
<testsuite skipped="0" hostname="DESKTOP-MCTOCK3" name="CrudOperationswithBDD.PatchprojectTest" tests="1" failures="0" timestamp="2022-08-09T10:35:13 IST" time="3.300" errors="0">
  <testcase name="patchprojectTest" time="3.300" classname="CrudOperationswithBDD.PatchprojectTest"/>
  <system-out/>
</testsuite> <!-- CrudOperationswithBDD.PatchprojectTest -->
