<?xml version="1.0" encoding="UTF-8"?>
<!-- Generated by org.testng.reporters.JUnitReportReporter -->
<testsuite skipped="0" hostname="DESKTOP-MCTOCK3" name="SerelizationDeserialization.DeserializationEmployeeDetailsWithArray" tests="1" failures="0" timestamp="2022-07-28T20:04:23 IST" time="0.483" errors="0">
  <testcase name="DeserilizationEmployeeDetailsWithArrayTest" time="0.483" classname="SerelizationDeserialization.DeserializationEmployeeDetailsWithArray"/>
  <system-out/>
</testsuite> <!-- SerelizationDeserialization.DeserializationEmployeeDetailsWithArray -->
