<?xml version="1.0" encoding="UTF-8"?>
<!-- Generated by org.testng.reporters.JUnitReportReporter -->
<testsuite skipped="0" hostname="DESKTOP-MCTOCK3" name="BasicCrudOperations.LoginRMGYantrawithoutAuthenticationTest" tests="1" failures="0" timestamp="2022-08-08T11:42:28 IST" time="2.849" errors="0">
  <testcase name="loginRMGYantrawithoutAuthenticationTest" time="2.849" classname="BasicCrudOperations.LoginRMGYantrawithoutAuthenticationTest"/>
  <system-out/>
</testsuite> <!-- BasicCrudOperations.LoginRMGYantrawithoutAuthenticationTest -->
