<?xml version="1.0" encoding="UTF-8"?>
<!-- Generated by org.testng.reporters.JUnitReportReporter -->
<testsuite skipped="0" hostname="DESKTOP-MCTOCK3" name="Datadrivetestigdatprovider.createmutipleprojectsTest" tests="3" failures="0" timestamp="2022-08-09T23:03:57 IST" time="3.688" errors="0">
  <testcase name="createmultipleprojectTest" time="3.513" classname="Datadrivetestigdatprovider.createmutipleprojectsTest"/>
  <system-out/>
  <testcase name="createmultipleprojectTest" time="0.093" classname="Datadrivetestigdatprovider.createmutipleprojectsTest"/>
  <system-out/>
  <testcase name="createmultipleprojectTest" time="0.082" classname="Datadrivetestigdatprovider.createmutipleprojectsTest"/>
  <system-out/>
</testsuite> <!-- Datadrivetestigdatprovider.createmutipleprojectsTest -->
