<?xml version="1.0" encoding="UTF-8"?>
<!-- Generated by org.testng.reporters.JUnitReportReporter -->
<testsuite skipped="0" hostname="DESKTOP-MCTOCK3" name="SerelizationDeserialization.SerilizationEmployeeDetailsWithSpouse" tests="1" failures="0" timestamp="2022-07-28T20:24:08 IST" time="0.247" errors="0">
  <testcase name="employeedetailswithspouse" time="0.247" classname="SerelizationDeserialization.SerilizationEmployeeDetailsWithSpouse"/>
  <system-out/>
</testsuite> <!-- SerelizationDeserialization.SerilizationEmployeeDetailsWithSpouse -->
