<?xml version="1.0" encoding="UTF-8"?>
<!-- Generated by org.testng.reporters.JUnitReportReporter -->
<testsuite skipped="0" hostname="DESKTOP-MCTOCK3" name="BasicCrudOperations.UpdateProjectTest" tests="1" failures="0" timestamp="2022-08-08T11:23:00 IST" time="3.649" errors="0">
  <testcase name="updateprojectTest" time="3.649" classname="BasicCrudOperations.UpdateProjectTest"/>
  <system-out/>
</testsuite> <!-- BasicCrudOperations.UpdateProjectTest -->
