<?xml version="1.0" encoding="UTF-8"?>
<!-- Generated by org.testng.reporters.JUnitReportReporter -->
<testsuite skipped="0" hostname="DESKTOP-MCTOCK3" name="CrudOperationswithBDD.PutprojectTest" tests="1" failures="0" timestamp="2022-08-10T10:25:36 IST" time="3.315" errors="0">
  <testcase name="getproject" time="3.315" classname="CrudOperationswithBDD.PutprojectTest"/>
  <system-out/>
</testsuite> <!-- CrudOperationswithBDD.PutprojectTest -->
