<?xml version="1.0" encoding="UTF-8"?>
<!-- Generated by org.testng.reporters.JUnitReportReporter -->
<testsuite skipped="0" hostname="DESKTOP-MCTOCK3" name="EndtoEndScenarios.CreateprojectAndverifyinthedatabaseTest" tests="1" failures="0" timestamp="2022-08-11T11:27:05 IST" time="7.871" errors="0">
  <testcase name="Createproject" time="7.871" classname="EndtoEndScenarios.CreateprojectAndverifyinthedatabaseTest"/>
  <system-out>
    <![CDATA[TY_PROJ_2402]]>
  </system-out>
</testsuite> <!-- EndtoEndScenarios.CreateprojectAndverifyinthedatabaseTest -->
