<?xml version="1.0" encoding="UTF-8"?>
<!-- Generated by org.testng.reporters.JUnitReportReporter -->
<testsuite skipped="0" hostname="DESKTOP-MCTOCK3" name="BasicCrudOperations.CreatetheprojectwithXMLFormateTest" tests="1" failures="0" timestamp="2022-08-08T12:46:29 IST" time="3.749" errors="0">
  <testcase name="createtheprojectwithXMLFormateTest" time="3.749" classname="BasicCrudOperations.CreatetheprojectwithXMLFormateTest"/>
  <system-out/>
</testsuite> <!-- BasicCrudOperations.CreatetheprojectwithXMLFormateTest -->
