<?xml version="1.0" encoding="UTF-8"?>
<!-- Generated by org.testng.reporters.JUnitReportReporter -->
<testsuite skipped="0" hostname="DESKTOP-MCTOCK3" name="ResponseValidation.ResponsetimeValidateusingHamcrestmatcherTest1" tests="1" failures="0" timestamp="2022-08-09T22:24:49 IST" time="3.187" errors="0">
  <testcase name="responsevalidationhamcrestmatcher" time="3.187" classname="ResponseValidation.ResponsetimeValidateusingHamcrestmatcherTest1"/>
  <system-out/>
</testsuite> <!-- ResponseValidation.ResponsetimeValidateusingHamcrestmatcherTest1 -->
