<?xml version="1.0" encoding="UTF-8"?>
<!-- Generated by org.testng.reporters.JUnitReportReporter -->
<testsuite skipped="0" hostname="DESKTOP-MCTOCK3" name="SerelizationDeserialization.DeserializationEmployeeDetails" tests="1" failures="0" timestamp="2022-07-28T15:31:41 IST" time="0.253" errors="0">
  <testcase name="DeserialiseEmployeedetailsTest" time="0.253" classname="SerelizationDeserialization.DeserializationEmployeeDetails"/>
  <system-out/>
</testsuite> <!-- SerelizationDeserialization.DeserializationEmployeeDetails -->
