<?xml version="1.0" encoding="UTF-8"?>
<!-- Generated by org.testng.reporters.JUnitReportReporter -->
<testsuite skipped="0" hostname="DESKTOP-MCTOCK3" name="ResponseValidation.staticResponsevalidationTest" tests="1" failures="0" timestamp="2022-08-09T20:32:32 IST" time="4.062" errors="0">
  <testcase name="staticresposeVTest" time="4.062" classname="ResponseValidation.staticResponsevalidationTest"/>
  <system-out/>
</testsuite> <!-- ResponseValidation.staticResponsevalidationTest -->
