<?xml version="1.0" encoding="UTF-8"?>
<!-- Generated by org.testng.reporters.JUnitReportReporter -->
<testsuite skipped="0" hostname="DESKTOP-MCTOCK3" name="BasicCrudOperations.CreatetheprojectwithTextFormateTest" tests="1" failures="0" timestamp="2022-08-08T12:02:38 IST" time="4.038" errors="0">
  <testcase name="createtheprojectwithTextFormateTest" time="4.038" classname="BasicCrudOperations.CreatetheprojectwithTextFormateTest"/>
  <system-out/>
</testsuite> <!-- BasicCrudOperations.CreatetheprojectwithTextFormateTest -->
