<?xml version="1.0" encoding="UTF-8"?>
<!-- Generated by org.testng.reporters.JUnitReportReporter -->
<testsuite skipped="0" hostname="DESKTOP-MCTOCK3" name="Authentication.BasicAuthTest" tests="1" failures="0" timestamp="2022-08-10T16:49:41 IST" time="3.226" errors="0">
  <testcase name="bacicauthTest" time="3.226" classname="Authentication.BasicAuthTest"/>
  <system-out/>
</testsuite> <!-- Authentication.BasicAuthTest -->
