<?xml version="1.0" encoding="UTF-8"?>
<!-- Generated by org.testng.reporters.JUnitReportReporter -->
<testsuite skipped="0" hostname="DESKTOP-MCTOCK3" name="Authentication.basicAuthvarious" tests="2" failures="0" timestamp="2022-08-10T16:50:16 IST" time="3.481" errors="0">
  <testcase name="basicDigestiveAuthTest1" time="3.250" classname="Authentication.basicAuthvarious"/>
  <system-out/>
  <testcase name="basicPreEmptiveAuthtest" time="0.231" classname="Authentication.basicAuthvarious"/>
  <system-out/>
</testsuite> <!-- Authentication.basicAuthvarious -->
