<?xml version="1.0" encoding="UTF-8"?>
<!-- Generated by org.testng.reporters.JUnitReportReporter -->
<testsuite skipped="0" hostname="DESKTOP-MCTOCK3" name="SerelizationDeserialization.SerializationEmployeeDetailswithArray" tests="1" failures="0" timestamp="2022-08-03T20:56:33 IST" time="0.423" errors="0">
  <testcase name="EmployeeDetailswithArray" time="0.423" classname="SerelizationDeserialization.SerializationEmployeeDetailswithArray"/>
  <system-out/>
</testsuite> <!-- SerelizationDeserialization.SerializationEmployeeDetailswithArray -->
