<?xml version="1.0" encoding="UTF-8"?>
<!-- Generated by org.testng.reporters.JUnitReportReporter -->
<testsuite skipped="0" hostname="DESKTOP-MCTOCK3" name="Authentication.Auth2Test" tests="1" failures="0" timestamp="2022-08-10T16:10:57 IST" time="5.192" errors="0">
  <testcase name="oauthAuthentication" time="5.192" classname="Authentication.Auth2Test"/>
  <system-out/>
</testsuite> <!-- Authentication.Auth2Test -->
