<?xml version="1.0" encoding="UTF-8"?>
<!-- Generated by org.testng.reporters.JUnitReportReporter -->
<testsuite skipped="0" hostname="DESKTOP-MCTOCK3" name="Requestchaining.RequestchainingTest" tests="1" failures="0" timestamp="2022-08-10T12:40:52 IST" time="4.679" errors="0">
  <testcase name="requestchainingTest" time="4.679" classname="Requestchaining.RequestchainingTest"/>
  <system-out/>
</testsuite> <!-- Requestchaining.RequestchainingTest -->
