<?xml version="1.0" encoding="UTF-8"?>
<!-- Generated by org.testng.reporters.JUnitReportReporter -->
<testsuite skipped="0" hostname="DESKTOP-MCTOCK3" name="SerelizationDeserialization.SerilizationEmployeeDetails" tests="1" failures="0" timestamp="2022-07-28T13:32:43 IST" time="0.260" errors="0">
  <testcase name="SerilizationEmployeeDetails" time="0.260" classname="SerelizationDeserialization.SerilizationEmployeeDetails"/>
  <system-out/>
</testsuite> <!-- SerelizationDeserialization.SerilizationEmployeeDetails -->
