<?xml version="1.0" encoding="UTF-8"?>
<!-- Generated by org.testng.reporters.JUnitReportReporter -->
<testsuite skipped="0" hostname="DESKTOP-MCTOCK3" name="BasicCrudOperations.LoginRMGYantrawithAuthentication" tests="1" failures="0" timestamp="2022-08-08T11:30:39 IST" time="3.334" errors="0">
  <testcase name="loginRMGYantrawithAuthentication" time="3.334" classname="BasicCrudOperations.LoginRMGYantrawithAuthentication"/>
  <system-out/>
</testsuite> <!-- BasicCrudOperations.LoginRMGYantrawithAuthentication -->
