<?xml version="1.0" encoding="UTF-8"?>
<!-- Generated by org.testng.reporters.JUnitReportReporter -->
<testsuite skipped="0" hostname="DESKTOP-MCTOCK3" name="BasicCrudOperations.GetAllProjectsTest" tests="1" failures="0" timestamp="2022-08-08T12:30:25 IST" time="3.253" errors="0">
  <testcase name="getallprojectsTest" time="3.253" classname="BasicCrudOperations.GetAllProjectsTest"/>
  <system-out/>
</testsuite> <!-- BasicCrudOperations.GetAllProjectsTest -->
