<?xml version="1.0" encoding="UTF-8"?>
<!-- Generated by org.testng.reporters.JUnitReportReporter -->
<testsuite skipped="0" hostname="DESKTOP-MCTOCK3" name="DifferentwaysofPost.createProjectusingHashmaoTest" tests="1" failures="0" timestamp="2022-08-09T12:57:08 IST" time="3.513" errors="0">
  <testcase name="Createprojectusinghashmap" time="3.513" classname="DifferentwaysofPost.createProjectusingHashmaoTest"/>
  <system-out/>
</testsuite> <!-- DifferentwaysofPost.createProjectusingHashmaoTest -->
