<?xml version="1.0" encoding="UTF-8"?>
<!-- Generated by org.testng.reporters.JUnitReportReporter -->
<testsuite skipped="0" hostname="DESKTOP-MCTOCK3" name="ResponseValidation.DyanamicresponseValidationTest" tests="1" failures="0" timestamp="2022-08-09T21:35:28 IST" time="4.043" errors="0">
  <testcase name="dynamicresponsevalidateTest" time="4.043" classname="ResponseValidation.DyanamicresponseValidationTest"/>
  <system-out/>
</testsuite> <!-- ResponseValidation.DyanamicresponseValidationTest -->
