<?xml version="1.0" encoding="UTF-8"?>
<!-- Generated by org.testng.reporters.JUnitReportReporter -->
<testsuite skipped="0" hostname="DESKTOP-MCTOCK3" name="Parameters.GetprojectusigPathParameterTest" tests="1" failures="0" timestamp="2022-08-10T12:01:41 IST" time="3.064" errors="0">
  <testcase name="GetprojectusingpathparamTest" time="3.064" classname="Parameters.GetprojectusigPathParameterTest"/>
  <system-out/>
</testsuite> <!-- Parameters.GetprojectusigPathParameterTest -->
