<?xml version="1.0" encoding="UTF-8"?>
<!-- Generated by org.testng.reporters.JUnitReportReporter -->
<testsuite skipped="0" hostname="DESKTOP-MCTOCK3" name="DifferentwaysofPost.CreateprojectusingpojoTest" tests="1" failures="0" timestamp="2022-08-09T13:26:47 IST" time="3.339" errors="0">
  <testcase name="CreateusingpojoTest" time="3.339" classname="DifferentwaysofPost.CreateprojectusingpojoTest"/>
  <system-out/>
</testsuite> <!-- DifferentwaysofPost.CreateprojectusingpojoTest -->
