<?xml version="1.0" encoding="UTF-8"?>
<!-- Generated by org.testng.reporters.JUnitReportReporter -->
<testsuite skipped="0" hostname="DESKTOP-MCTOCK3" name="Parameters.FormParameterTest" tests="1" failures="0" timestamp="2022-08-10T12:19:02 IST" time="3.171" errors="0">
  <testcase name="formparameterTest" time="3.171" classname="Parameters.FormParameterTest"/>
  <system-out/>
</testsuite> <!-- Parameters.FormParameterTest -->
