<?xml version="1.0" encoding="UTF-8"?>
<!-- Generated by org.testng.reporters.JUnitReportReporter -->
<testsuite skipped="0" hostname="DESKTOP-MCTOCK3" name="BasicCrudOperations.CreatetheProjectWithExistingProjectIdTest" tests="1" failures="0" timestamp="2022-08-08T12:31:09 IST" time="3.792" errors="0">
  <testcase name="createtheProjectWithExistingProjectIdTest" time="3.792" classname="BasicCrudOperations.CreatetheProjectWithExistingProjectIdTest"/>
  <system-out/>
</testsuite> <!-- BasicCrudOperations.CreatetheProjectWithExistingProjectIdTest -->
