<?xml version="1.0" encoding="UTF-8"?>
<!-- Generated by org.testng.reporters.JUnitReportReporter -->
<testsuite skipped="0" hostname="DESKTOP-MCTOCK3" name="DifferentwaysofPost.CreateusingJsonfileTest" tests="1" failures="0" timestamp="2022-08-09T13:12:36 IST" time="3.236" errors="0">
  <testcase name="createorojectusingjsonFileTest" time="3.236" classname="DifferentwaysofPost.CreateusingJsonfileTest"/>
  <system-out/>
</testsuite> <!-- DifferentwaysofPost.CreateusingJsonfileTest -->
