<?xml version="1.0" encoding="UTF-8"?>
<!-- Generated by org.testng.reporters.JUnitReportReporter -->
<testsuite skipped="0" hostname="DESKTOP-MCTOCK3" name="Parameters.QueryparameterTest" tests="1" failures="0" timestamp="2022-08-10T12:11:11 IST" time="4.241" errors="0">
  <testcase name="queryparameterTest" time="4.241" classname="Parameters.QueryparameterTest"/>
  <system-out/>
</testsuite> <!-- Parameters.QueryparameterTest -->
