<?xml version="1.0" encoding="UTF-8"?>
<!-- Generated by org.testng.reporters.JUnitReportReporter -->
<testsuite skipped="0" hostname="DESKTOP-MCTOCK3" name="DifferentwaysofPost.CreateprojectWithJSONOJECTtest" tests="1" failures="0" timestamp="2022-08-09T12:36:45 IST" time="3.772" errors="0">
  <testcase name="CreateusingjsonTest" time="3.772" classname="DifferentwaysofPost.CreateprojectWithJSONOJECTtest"/>
  <system-out/>
</testsuite> <!-- DifferentwaysofPost.CreateprojectWithJSONOJECTtest -->
