<?xml version="1.0" encoding="UTF-8"?>
<!-- Generated by org.testng.reporters.JUnitReportReporter -->
<testsuite skipped="0" hostname="DESKTOP-MCTOCK3" name="DifferentwaysofPost.creteProjectusingformdataTest" tests="1" failures="0" timestamp="2022-08-09T12:57:43 IST" time="3.008" errors="0">
  <testcase name="createusingFormdataTest" time="3.008" classname="DifferentwaysofPost.creteProjectusingformdataTest"/>
  <system-out/>
</testsuite> <!-- DifferentwaysofPost.creteProjectusingformdataTest -->
