<?xml version="1.0" encoding="UTF-8"?>
<!-- Generated by org.testng.reporters.JUnitReportReporter -->
<testsuite skipped="0" hostname="DESKTOP-MCTOCK3" name="BasicCrudOperations.CreatetheprojectwithHTMLFormateTest" tests="1" failures="0" timestamp="2022-08-08T12:57:34 IST" time="3.276" errors="0">
  <testcase name="createtheprojectwithHTMLFormateTest" time="3.276" classname="BasicCrudOperations.CreatetheprojectwithHTMLFormateTest"/>
  <system-out/>
</testsuite> <!-- BasicCrudOperations.CreatetheprojectwithHTMLFormateTest -->
